# JRE version: 7.0_25-b30
# Java VM: OpenJDK 64-Bit Server VM (23.7-b01 mixed mode linux-amd64 compressed oops)
Heap
 PSYoungGen      total 82624K, used 42970K [0x00000000f8000000, 0x00000000fd660000, 0x0000000100000000)
  eden space 76736K, 52% used [0x00000000f8000000,0x00000000fa74e890,0x00000000fcaf0000)
  from space 5888K, 46% used [0x00000000fcaf0000,0x00000000fcd98000,0x00000000fd0b0000)
  to   space 5824K, 0% used [0x00000000fd0b0000,0x00000000fd0b0000,0x00000000fd660000)
 ParOldGen       total 79232K, used 43403K [0x00000000e8000000, 0x00000000ecd60000, 0x00000000f8000000)
  object space 79232K, 54% used [0x00000000e8000000,0x00000000eaa62c70,0x00000000ecd60000)
 PSPermGen       total 75776K, used 75752K [0x00000000d8000000, 0x00000000dca00000, 0x00000000e8000000)
  object space 75776K, 99% used [0x00000000d8000000,0x00000000dc9fa1d0,0x00000000dca00000)
GC Heap History (10 events):
Event: 18227.468 GC heap before
{Heap before GC invocations=584 (full 258):
 PSYoungGen      total 82880K, used 4489K [0x00000000f8000000, 0x00000000fd730000, 0x0000000100000000)
  eden space 76672K, 0% used [0x00000000f8000000,0x00000000f8000000,0x00000000fcae0000)
  from space 6208K, 72% used [0x00000000fd100000,0x00000000fd562520,0x00000000fd710000)
  to   space 6272K, 0% used [0x00000000fcae0000,0x00000000fcae0000,0x00000000fd100000)
 ParOldGen       total 79232K, used 42348K [0x00000000e8000000, 0x00000000ecd60000, 0x00000000f8000000)
  object space 79232K, 53% used [0x00000000e8000000,0x00000000ea95b140,0x00000000ecd60000)
 PSPermGen       total 75968K, used 75678K [0x00000000d8000000, 0x00000000dca30000, 0x00000000e8000000)
  object space 75968K, 99% used [0x00000000d8000000,0x00000000dc9e7980,0x00000000dca30000)
Event: 18227.569 GC heap after
Heap after GC invocations=584 (full 258):
 PSYoungGen      total 82880K, used 0K [0x00000000f8000000, 0x00000000fd730000, 0x0000000100000000)
  eden space 76672K, 0% used [0x00000000f8000000,0x00000000f8000000,0x00000000fcae0000)
  from space 6208K, 0% used [0x00000000fd100000,0x00000000fd100000,0x00000000fd710000)
  to   space 6272K, 0% used [0x00000000fcae0000,0x00000000fcae0000,0x00000000fd100000)
 ParOldGen       total 79232K, used 42416K [0x00000000e8000000, 0x00000000ecd60000, 0x00000000f8000000)
  object space 79232K, 53% used [0x00000000e8000000,0x00000000ea96c3a8,0x00000000ecd60000)
 PSPermGen       total 75968K, used 75678K [0x00000000d8000000, 0x00000000dca30000, 0x00000000e8000000)
  object space 75968K, 99% used [0x00000000d8000000,0x00000000dc9e7980,0x00000000dca30000)
}
Event: 18363.177 GC heap before
{Heap before GC invocations=585 (full 258):
 PSYoungGen      total 82880K, used 76672K [0x00000000f8000000, 0x00000000fd730000, 0x0000000100000000)
  eden space 76672K, 100% used [0x00000000f8000000,0x00000000fcae0000,0x00000000fcae0000)
  from space 6208K, 0% used [0x00000000fd100000,0x00000000fd100000,0x00000000fd710000)
  to   space 6272K, 0% used [0x00000000fcae0000,0x00000000fcae0000,0x00000000fd100000)
 ParOldGen       total 79232K, used 42416K [0x00000000e8000000, 0x00000000ecd60000, 0x00000000f8000000)
  object space 79232K, 53% used [0x00000000e8000000,0x00000000ea96c3a8,0x00000000ecd60000)
 PSPermGen       total 75968K, used 75711K [0x00000000d8000000, 0x00000000dca30000, 0x00000000e8000000)
  object space 75968K, 99% used [0x00000000d8000000,0x00000000dc9efec8,0x00000000dca30000)
Event: 18363.182 GC heap after
Heap after GC invocations=585 (full 258):
 PSYoungGen      total 80128K, used 3395K [0x00000000f8000000, 0x00000000fd6d0000, 0x0000000100000000)
  eden space 76672K, 0% used [0x00000000f8000000,0x00000000f8000000,0x00000000fcae0000)
  from space 3456K, 98% used [0x00000000fcae0000,0x00000000fce30f70,0x00000000fce40000)
  to   space 6080K, 0% used [0x00000000fd0e0000,0x00000000fd0e0000,0x00000000fd6d0000)
 ParOldGen       total 79232K, used 42416K [0x00000000e8000000, 0x00000000ecd60000, 0x00000000f8000000)
  object space 79232K, 53% used [0x00000000e8000000,0x00000000ea96c3a8,0x00000000ecd60000)
 PSPermGen       total 75968K, used 75711K [0x00000000d8000000, 0x00000000dca30000, 0x00000000e8000000)
  object space 75968K, 99% used [0x00000000d8000000,0x00000000dc9efec8,0x00000000dca30000)
}
Event: 18384.398 GC heap before
{Heap before GC invocations=586 (full 258):
 PSYoungGen      total 80128K, used 13741K [0x00000000f8000000, 0x00000000fd6d0000, 0x0000000100000000)
  eden space 76672K, 13% used [0x00000000f8000000,0x00000000f8a1a708,0x00000000fcae0000)
  from space 3456K, 98% used [0x00000000fcae0000,0x00000000fce30f70,0x00000000fce40000)
  to   space 6080K, 0% used [0x00000000fd0e0000,0x00000000fd0e0000,0x00000000fd6d0000)
 ParOldGen       total 79232K, used 42416K [0x00000000e8000000, 0x00000000ecd60000, 0x00000000f8000000)
  object space 79232K, 53% used [0x00000000e8000000,0x00000000ea96c3a8,0x00000000ecd60000)
 PSPermGen       total 75968K, used 75714K [0x00000000d8000000, 0x00000000dca30000, 0x00000000e8000000)
  object space 75968K, 99% used [0x00000000d8000000,0x00000000dc9f0b18,0x00000000dca30000)
Event: 18384.401 GC heap after
Heap after GC invocations=586 (full 258):
 PSYoungGen      total 82432K, used 3255K [0x00000000f8000000, 0x00000000fd670000, 0x0000000100000000)
  eden space 76736K, 0% used [0x00000000f8000000,0x00000000f8000000,0x00000000fcaf0000)
  from space 5696K, 57% used [0x00000000fd0e0000,0x00000000fd40dc70,0x00000000fd670000)
  to   space 5888K, 0% used [0x00000000fcaf0000,0x00000000fcaf0000,0x00000000fd0b0000)
 ParOldGen       total 79232K, used 42416K [0x00000000e8000000, 0x00000000ecd60000, 0x00000000f8000000)
  object space 79232K, 53% used [0x00000000e8000000,0x00000000ea96c3a8,0x00000000ecd60000)
 PSPermGen       total 75968K, used 75714K [0x00000000d8000000, 0x00000000dca30000, 0x00000000e8000000)
  object space 75968K, 99% used [0x00000000d8000000,0x00000000dc9f0b18,0x00000000dca30000)
}
Event: 18384.401 GC heap before
{Heap before GC invocations=587 (full 259):
 PSYoungGen      total 82432K, used 3255K [0x00000000f8000000, 0x00000000fd670000, 0x0000000100000000)
  eden space 76736K, 0% used [0x00000000f8000000,0x00000000f8000000,0x00000000fcaf0000)
  from space 5696K, 57% used [0x00000000fd0e0000,0x00000000fd40dc70,0x00000000fd670000)
  to   space 5888K, 0% used [0x00000000fcaf0000,0x00000000fcaf0000,0x00000000fd0b0000)
 ParOldGen       total 79232K, used 42416K [0x00000000e8000000, 0x00000000ecd60000, 0x00000000f8000000)
  object space 79232K, 53% used [0x00000000e8000000,0x00000000ea96c3a8,0x00000000ecd60000)
 PSPermGen       total 75968K, used 75714K [0x00000000d8000000, 0x00000000dca30000, 0x00000000e8000000)
  object space 75968K, 99% used [0x00000000d8000000,0x00000000dc9f0b18,0x00000000dca30000)
Event: 18384.518 GC heap after
Heap after GC invocations=587 (full 259):
 PSYoungGen      total 82432K, used 0K [0x00000000f8000000, 0x00000000fd670000, 0x0000000100000000)
  eden space 76736K, 0% used [0x00000000f8000000,0x00000000f8000000,0x00000000fcaf0000)
  from space 5696K, 0% used [0x00000000fd0e0000,0x00000000fd0e0000,0x00000000fd670000)
  to   space 5888K, 0% used [0x00000000fcaf0000,0x00000000fcaf0000,0x00000000fd0b0000)
 ParOldGen       total 79232K, used 43403K [0x00000000e8000000, 0x00000000ecd60000, 0x00000000f8000000)
  object space 79232K, 54% used [0x00000000e8000000,0x00000000eaa62c70,0x00000000ecd60000)
 PSPermGen       total 75776K, used 75714K [0x00000000d8000000, 0x00000000dca00000, 0x00000000e8000000)
  object space 75776K, 99% used [0x00000000d8000000,0x00000000dc9f0af8,0x00000000dca00000)
}
Event: 18471.344 GC heap before
{Heap before GC invocations=588 (full 259):
 PSYoungGen      total 82432K, used 76736K [0x00000000f8000000, 0x00000000fd670000, 0x0000000100000000)
  eden space 76736K, 100% used [0x00000000f8000000,0x00000000fcaf0000,0x00000000fcaf0000)
  from space 5696K, 0% used [0x00000000fd0e0000,0x00000000fd0e0000,0x00000000fd670000)
  to   space 5888K, 0% used [0x00000000fcaf0000,0x00000000fcaf0000,0x00000000fd0b0000)
 ParOldGen       total 79232K, used 43403K [0x00000000e8000000, 0x00000000ecd60000, 0x00000000f8000000)
  object space 79232K, 54% used [0x00000000e8000000,0x00000000eaa62c70,0x00000000ecd60000)
 PSPermGen       total 75776K, used 75747K [0x00000000d8000000, 0x00000000dca00000, 0x00000000e8000000)
  object space 75776K, 99% used [0x00000000d8000000,0x00000000dc9f8fd8,0x00000000dca00000)
Event: 18471.347 GC heap after
Heap after GC invocations=588 (full 259):
 PSYoungGen      total 82624K, used 2720K [0x00000000f8000000, 0x00000000fd660000, 0x0000000100000000)
  eden space 76736K, 0% used [0x00000000f8000000,0x00000000f8000000,0x00000000fcaf0000)
  from space 5888K, 46% used [0x00000000fcaf0000,0x00000000fcd98000,0x00000000fd0b0000)
  to   space 5824K, 0% used [0x00000000fd0b0000,0x00000000fd0b0000,0x00000000fd660000)
 ParOldGen       total 79232K, used 43403K [0x00000000e8000000, 0x00000000ecd60000, 0x00000000f8000000)
  object space 79232K, 54% used [0x00000000e8000000,0x00000000eaa62c70,0x00000000ecd60000)
 PSPermGen       total 75776K, used 75747K [0x00000000d8000000, 0x00000000dca00000, 0x00000000e8000000)
  object space 75776K, 99% used [0x00000000d8000000,0x00000000dc9f8fd8,0x00000000dca00000)
}

